<?xml version="1.0" encoding="UTF-8"?>
<testng-results skipped="0" failed="0" ignored="0" total="1" passed="1">
  <reporter-output>
  </reporter-output>
  <suite name="Default suite" duration-ms="26716" started-at="2018-05-05T12:38:33Z" finished-at="2018-05-05T12:39:00Z">
    <groups>
    </groups>
    <test name="Default test" duration-ms="26716" started-at="2018-05-05T12:38:33Z" finished-at="2018-05-05T12:39:00Z">
      <class name="test.FlightButtonTest">
        <test-method status="PASS" signature="initialSetup()[pri:0, instance:test.FlightButtonTest@3ffc5af1]" name="initialSetup" is-config="true" duration-ms="17807" started-at="2018-05-05T13:38:33Z" finished-at="2018-05-05T13:38:51Z">
          <reporter-output>
          </reporter-output>
        </test-method> <!-- initialSetup -->
        <test-method status="PASS" signature="FlightButton(java.lang.String, java.lang.String, java.lang.String, java.lang.String, java.lang.String, java.lang.String, java.lang.String, java.lang.String, java.lang.String)[pri:0, instance:test.FlightButtonTest@3ffc5af1]" name="FlightButton" duration-ms="8480" started-at="2018-05-05T13:38:51Z" data-provider="FlightSearch" finished-at="2018-05-05T13:39:00Z">
          <params>
            <param index="0">
              <value>
                <![CDATA[TC_1]]>
              </value>
            </param>
            <param index="1">
              <value>
                <![CDATA[Mumbai]]>
              </value>
            </param>
            <param index="2">
              <value>
                <![CDATA[Dubai]]>
              </value>
            </param>
            <param index="3">
              <value>
                <![CDATA[May]]>
              </value>
            </param>
            <param index="4">
              <value>
                <![CDATA[10]]>
              </value>
            </param>
            <param index="5">
              <value>
                <![CDATA[London]]>
              </value>
            </param>
            <param index="6">
              <value>
                <![CDATA[May]]>
              </value>
            </param>
            <param index="7">
              <value>
                <![CDATA[16]]>
              </value>
            </param>
            <param index="8">
              <value>
                <![CDATA[Economy]]>
              </value>
            </param>
          </params>
          <reporter-output>
          </reporter-output>
        </test-method> <!-- FlightButton -->
        <test-method status="PASS" signature="cleanUp()[pri:0, instance:test.FlightButtonTest@3ffc5af1]" name="cleanUp" is-config="true" duration-ms="0" started-at="2018-05-05T13:39:00Z" finished-at="2018-05-05T13:39:00Z">
          <reporter-output>
          </reporter-output>
        </test-method> <!-- cleanUp -->
      </class> <!-- test.FlightButtonTest -->
    </test> <!-- Default test -->
  </suite> <!-- Default suite -->
</testng-results>
